2025-02-20 14:49:20,155 - INFO - Use pytorch device_name: cpu
2025-02-20 14:49:20,155 - INFO - Load pretrained SentenceTransformer: all-mpnet-base-v2
2025-02-20 14:54:50,977 - INFO - Use pytorch device_name: cpu
2025-02-20 14:54:50,977 - INFO - Load pretrained SentenceTransformer: all-mpnet-base-v2
2025-02-20 14:58:15,502 - INFO - Use pytorch device_name: cpu
2025-02-20 14:58:15,502 - INFO - Load pretrained SentenceTransformer: all-mpnet-base-v2
2025-02-20 15:07:47,789 - INFO - Use pytorch device_name: cpu
2025-02-20 15:07:47,789 - INFO - Load pretrained SentenceTransformer: all-mpnet-base-v2
2025-02-20 15:12:50,496 - INFO - Use pytorch device_name: cpu
2025-02-20 15:12:50,512 - INFO - Load pretrained SentenceTransformer: all-mpnet-base-v2
2025-02-20 15:14:54,487 - INFO - Use pytorch device_name: cpu
2025-02-20 15:14:54,487 - INFO - Load pretrained SentenceTransformer: all-mpnet-base-v2
2025-02-20 15:21:30,089 - INFO - Use pytorch device_name: cpu
2025-02-20 15:21:30,089 - INFO - Load pretrained SentenceTransformer: all-mpnet-base-v2
2025-02-20 15:23:04,668 - INFO - Use pytorch device_name: cpu
2025-02-20 15:23:04,668 - INFO - Load pretrained SentenceTransformer: all-mpnet-base-v2
2025-02-20 15:26:25,883 - INFO - Use pytorch device_name: cpu
2025-02-20 15:26:25,884 - INFO - Load pretrained SentenceTransformer: all-mpnet-base-v2
2025-02-20 15:39:54,768 - INFO - Use pytorch device_name: cpu
2025-02-20 15:39:54,768 - INFO - Load pretrained SentenceTransformer: all-mpnet-base-v2
2025-02-20 15:40:04,800 - INFO - Processing request from 7977587238
2025-02-20 15:40:11,952 - INFO - Processing request from 7977587238
2025-02-20 15:40:11,967 - INFO - Adding background task for 7977587238
2025-02-20 15:42:50,868 - INFO - Processing request from 7977587238
2025-02-20 15:42:57,907 - INFO - Processing request from 7977587238
2025-02-20 15:42:57,909 - INFO - Adding background task for 7977587238
2025-02-20 15:44:58,858 - INFO - Use pytorch device_name: cpu
2025-02-20 15:44:58,858 - INFO - Load pretrained SentenceTransformer: all-mpnet-base-v2
2025-02-20 15:45:11,849 - INFO - Processing request from 7977587238
2025-02-20 15:45:20,958 - INFO - Processing request from 7977587238
2025-02-20 15:45:20,960 - INFO - Adding background task for 7977587238
2025-02-20 15:48:04,805 - INFO - Use pytorch device_name: cpu
2025-02-20 15:48:04,805 - INFO - Load pretrained SentenceTransformer: all-mpnet-base-v2
2025-02-20 15:49:13,999 - INFO - Processing request from 7977587238
2025-02-20 15:49:35,756 - INFO - Processing request from 7977587238
2025-02-20 15:49:35,758 - INFO - Adding background task for 7977587238
2025-02-20 15:53:36,788 - INFO - Use pytorch device_name: cpu
2025-02-20 15:53:36,788 - INFO - Load pretrained SentenceTransformer: all-mpnet-base-v2
2025-02-20 15:53:59,089 - INFO - Processing request from 7977587238
2025-02-20 15:54:10,671 - INFO - Processing request from 7977587238
2025-02-20 15:54:10,675 - INFO - Adding background task for 7977587238
2025-02-20 15:58:31,958 - INFO - Processing request from 9820011282
2025-02-20 15:58:50,464 - INFO - Processing request from 9820011282
2025-02-20 16:07:43,419 - INFO - Use pytorch device_name: cpu
2025-02-20 16:07:43,420 - INFO - Load pretrained SentenceTransformer: all-mpnet-base-v2
2025-02-20 16:07:56,981 - INFO - Processing request from 7977587238
2025-02-20 16:08:13,303 - INFO - Processing request from 7977587238
2025-02-20 16:08:34,757 - INFO - Adding background task for 7977587238
2025-02-20 16:12:25,770 - INFO - Use pytorch device_name: cpu
2025-02-20 16:12:25,770 - INFO - Load pretrained SentenceTransformer: all-mpnet-base-v2
2025-02-20 16:12:34,653 - INFO - Processing request from 7977587238
2025-02-20 16:12:42,689 - INFO - Processing request from 7977587238
2025-02-20 16:12:42,691 - INFO - Adding background task for 7977587238
2025-02-20 16:13:20,218 - INFO - Processing request from 7977587238
2025-02-20 16:13:37,207 - INFO - Processing request from 7977587238
2025-02-20 16:13:37,209 - INFO - Adding background task for 7977587238
2025-02-20 16:14:29,178 - INFO - Processing request from 9820011282
2025-02-20 16:14:46,689 - INFO - Processing request from 9820011282
2025-02-20 16:14:47,188 - INFO - Processing request from 9820011282
2025-02-20 16:14:47,877 - INFO - Processing request from 9820011282
2025-02-20 16:17:30,411 - INFO - Use pytorch device_name: cpu
2025-02-20 16:17:30,411 - INFO - Load pretrained SentenceTransformer: all-mpnet-base-v2
2025-02-20 16:17:42,115 - INFO - Processing request from 7977587238
2025-02-20 16:17:52,067 - INFO - Processing request from 7977587238
2025-02-20 16:18:01,655 - INFO - Processing request from 7977587238
2025-02-20 16:18:34,816 - INFO - Processing request from 9820011282
2025-02-20 16:18:46,030 - INFO - Processing request from 9820011282
2025-02-20 16:18:46,033 - INFO - Adding background task for 9820011282
2025-02-20 16:50:34,503 - INFO - Use pytorch device_name: cpu
2025-02-20 16:50:34,503 - INFO - Load pretrained SentenceTransformer: all-mpnet-base-v2
2025-02-20 17:02:12,263 - INFO - Processing request from 7977587238
2025-02-20 17:02:22,212 - INFO - Processing request from 7977587238
2025-02-20 17:02:22,214 - INFO - Adding background task for 7977587238
2025-02-21 11:40:55,893 - INFO - Use pytorch device_name: cpu
2025-02-21 11:40:55,929 - INFO - Load pretrained SentenceTransformer: all-mpnet-base-v2
2025-02-21 11:41:28,010 - INFO - Processing request from 7977587238
2025-02-21 11:41:46,938 - INFO - Processing request from 7977587238
2025-02-21 11:41:46,944 - INFO - Adding background task for 7977587238
2025-02-21 11:44:40,395 - INFO - Use pytorch device_name: cpu
2025-02-21 11:44:40,396 - INFO - Load pretrained SentenceTransformer: all-mpnet-base-v2
2025-02-21 11:46:31,050 - INFO - Processing request from 7977587238
2025-02-21 11:46:37,783 - INFO - Processing request from 7977587238
2025-02-21 11:46:37,785 - INFO - Adding background task for 7977587238
2025-02-21 11:50:33,336 - INFO - Processing request from 7977587238
2025-02-21 11:52:04,829 - INFO - Use pytorch device_name: cpu
2025-02-21 11:52:04,829 - INFO - Load pretrained SentenceTransformer: all-mpnet-base-v2
2025-02-21 11:52:41,736 - INFO - Processing request from 7977587238
2025-02-21 11:52:42,741 - INFO - Processing request from 7977587238
2025-02-21 11:52:43,991 - INFO - Processing request from 7977587238
2025-02-21 11:53:46,858 - INFO - Processing request from 7977587238
2025-02-21 11:53:50,282 - INFO - Processing request from 7977587238
2025-02-21 12:07:53,532 - INFO - Use pytorch device_name: cpu
2025-02-21 12:07:53,532 - INFO - Load pretrained SentenceTransformer: all-mpnet-base-v2
2025-02-21 12:20:12,832 - INFO - Processing request from 7977587238
2025-02-21 12:21:26,497 - INFO - Adding background task for 7977587238
2025-02-21 12:22:52,736 - INFO - Processing request from 7977587238
2025-02-21 12:22:52,738 - INFO - Adding background task for 7977587238
2025-02-21 12:22:53,256 - INFO - Processing request from 7977587238
2025-02-21 12:22:53,258 - INFO - Adding background task for 7977587238
2025-02-21 12:22:53,973 - INFO - Processing request from 7977587238
2025-02-21 12:22:53,975 - INFO - Adding background task for 7977587238
2025-02-21 12:23:04,693 - INFO - Processing request from 7977587238
2025-02-21 12:40:51,339 - INFO - Use pytorch device_name: cpu
2025-02-21 12:40:51,339 - INFO - Load pretrained SentenceTransformer: all-mpnet-base-v2
2025-02-21 12:41:33,598 - INFO - Processing request from 7977587238
2025-02-21 12:43:24,004 - INFO - Processing request from 7977587238
2025-02-21 12:43:58,751 - INFO - Processing request from 7977587238
2025-02-21 12:44:16,975 - INFO - Processing request from 7977587238
2025-02-21 12:44:24,717 - INFO - Processing request from 7977587238
2025-02-21 12:44:31,634 - INFO - Processing request from 7977587238
2025-02-21 12:44:38,181 - INFO - Processing request from 7977587238
2025-02-21 12:45:06,364 - INFO - Processing request from 7977587238
2025-02-21 12:52:28,223 - INFO - Use pytorch device_name: cpu
2025-02-21 12:52:28,224 - INFO - Load pretrained SentenceTransformer: all-mpnet-base-v2
2025-02-21 12:52:39,711 - INFO - Processing request from 7977587238
2025-02-21 12:52:47,195 - INFO - Processing request from 7977587238
2025-02-21 12:52:47,198 - INFO - Adding background task for 7977587238
2025-02-21 12:54:13,201 - INFO - Processing request from 7977587238
2025-02-21 12:54:13,886 - INFO - Adding background task for 7977587238
2025-02-21 12:54:14,412 - INFO - Processing request from 7977587238
2025-02-21 12:54:14,414 - INFO - Adding background task for 7977587238
2025-02-21 12:54:15,139 - INFO - Processing request from 7977587238
2025-02-21 12:54:15,139 - INFO - Adding background task for 7977587238
2025-02-21 12:56:45,620 - INFO - Use pytorch device_name: cpu
2025-02-21 12:56:45,620 - INFO - Load pretrained SentenceTransformer: all-mpnet-base-v2
2025-02-21 12:56:57,252 - INFO - Processing request from 7977587238
2025-02-21 12:56:57,252 - INFO - Adding background task for 7977587238
2025-02-21 12:56:57,774 - INFO - Processing request from 7977587238
2025-02-21 12:56:57,776 - INFO - Adding background task for 7977587238
2025-02-21 12:56:58,486 - INFO - Processing request from 7977587238
2025-02-21 12:56:58,488 - INFO - Adding background task for 7977587238
2025-02-21 12:58:32,794 - INFO - Use pytorch device_name: cpu
2025-02-21 12:58:32,794 - INFO - Load pretrained SentenceTransformer: all-mpnet-base-v2
2025-02-21 12:58:45,710 - INFO - Processing request from 7977587238
2025-02-21 12:58:45,726 - INFO - Adding background task for 7977587238
2025-02-21 12:58:46,236 - INFO - Processing request from 7977587238
2025-02-21 12:58:46,236 - INFO - Adding background task for 7977587238
2025-02-21 12:58:46,951 - INFO - Processing request from 7977587238
2025-02-21 12:58:46,953 - INFO - Adding background task for 7977587238
2025-02-21 13:04:33,748 - INFO - Use pytorch device_name: cpu
2025-02-21 13:04:33,748 - INFO - Load pretrained SentenceTransformer: all-mpnet-base-v2
2025-02-21 13:04:43,784 - INFO - Processing request from 7977587238
2025-02-21 13:04:51,396 - INFO - Processing request from 7977587238
2025-02-21 13:04:51,398 - INFO - Adding background task for 7977587238
2025-02-21 13:05:22,733 - INFO - Processing request from 7977587238
2025-02-21 13:08:35,410 - INFO - Use pytorch device_name: cpu
2025-02-21 13:08:35,412 - INFO - Load pretrained SentenceTransformer: all-mpnet-base-v2
2025-02-21 13:08:51,094 - INFO - Processing request from 7977587238
2025-02-21 13:08:56,873 - INFO - Processing request from 7977587238
2025-02-21 13:08:56,876 - INFO - Adding background task for 7977587238
2025-02-21 13:09:30,963 - INFO - Processing request from 7977587238
2025-02-21 13:12:40,479 - INFO - Use pytorch device_name: cpu
2025-02-21 13:12:40,479 - INFO - Load pretrained SentenceTransformer: all-mpnet-base-v2
2025-02-21 13:12:51,206 - INFO - Processing request from 7977587238
2025-02-21 13:12:57,273 - INFO - HTTP Request: POST https://api.sambanova.ai/v1/chat/completions "HTTP/1.1 200 OK"
2025-02-21 13:12:57,296 - ERROR - Key 7977587238 not found in processing_store
2025-02-21 13:19:00,736 - INFO - Use pytorch device_name: cpu
2025-02-21 13:19:00,736 - INFO - Load pretrained SentenceTransformer: all-mpnet-base-v2
2025-02-21 13:19:11,338 - INFO - Processing request from 7977587238
2025-02-21 13:19:13,780 - INFO - HTTP Request: POST https://api.sambanova.ai/v1/chat/completions "HTTP/1.1 200 OK"
2025-02-21 13:19:13,795 - ERROR - Key 7587238 not found in processing_store
2025-02-21 13:20:51,362 - INFO - Use pytorch device_name: cpu
2025-02-21 13:20:51,362 - INFO - Load pretrained SentenceTransformer: all-mpnet-base-v2
2025-02-21 13:21:02,402 - INFO - Processing request from 7977587238
2025-02-21 13:21:04,834 - INFO - HTTP Request: POST https://api.sambanova.ai/v1/chat/completions "HTTP/1.1 200 OK"
2025-02-21 13:21:04,850 - ERROR - Key 7977587238 not found in processing_store
2025-02-21 13:23:42,033 - INFO - Use pytorch device_name: cpu
2025-02-21 13:23:42,033 - INFO - Load pretrained SentenceTransformer: all-mpnet-base-v2
2025-02-21 13:23:54,874 - INFO - Processing request from 7977587238
2025-02-21 13:23:57,958 - INFO - HTTP Request: POST https://api.sambanova.ai/v1/chat/completions "HTTP/1.1 200 OK"
2025-02-21 13:23:57,974 - ERROR - Key 7977587238 not found in processing_store
2025-02-21 13:23:58,512 - INFO - Processing request from 7977587238
2025-02-21 13:24:00,375 - INFO - HTTP Request: POST https://api.sambanova.ai/v1/chat/completions "HTTP/1.1 200 OK"
2025-02-21 13:24:00,375 - ERROR - Key 7977587238 not found in processing_store
2025-02-21 13:24:01,103 - INFO - Processing request from 7977587238
2025-02-21 13:28:01,382 - INFO - Use pytorch device_name: cpu
2025-02-21 13:28:01,382 - INFO - Load pretrained SentenceTransformer: all-mpnet-base-v2
2025-02-21 13:28:11,177 - INFO - Processing request from 7977587238
2025-02-21 13:28:13,431 - INFO - HTTP Request: POST https://api.sambanova.ai/v1/chat/completions "HTTP/1.1 200 OK"
2025-02-21 13:28:33,647 - INFO - Processing request from 7977587238
2025-02-21 13:28:35,961 - INFO - HTTP Request: POST https://api.sambanova.ai/v1/chat/completions "HTTP/1.1 200 OK"
2025-02-21 13:29:34,371 - INFO - Processing request from 7977587238
2025-02-21 13:29:42,355 - INFO - Processing request from 7977587238
2025-02-21 13:29:42,357 - INFO - Adding background task for 7977587238
2025-02-21 13:30:27,896 - INFO - Processing request from 7977587238
2025-02-21 13:30:31,002 - INFO - HTTP Request: POST https://api.sambanova.ai/v1/chat/completions "HTTP/1.1 200 OK"
2025-02-21 13:30:46,152 - INFO - Processing request from 7977587238
2025-02-21 13:30:48,372 - INFO - HTTP Request: POST https://api.sambanova.ai/v1/chat/completions "HTTP/1.1 200 OK"
2025-02-21 13:31:35,450 - INFO - Processing request from 7977587238
2025-02-21 13:34:31,241 - INFO - Use pytorch device_name: cpu
2025-02-21 13:34:31,242 - INFO - Load pretrained SentenceTransformer: all-mpnet-base-v2
2025-02-21 13:34:40,374 - INFO - Processing request from 7977587238
2025-02-21 13:34:46,083 - INFO - HTTP Request: POST https://api.sambanova.ai/v1/chat/completions "HTTP/1.1 200 OK"
2025-02-21 13:35:03,973 - INFO - Processing request from 7977587238
2025-02-21 13:35:08,706 - INFO - HTTP Request: POST https://api.sambanova.ai/v1/chat/completions "HTTP/1.1 200 OK"
2025-02-21 13:36:48,636 - INFO - Processing request from 7977587238
2025-02-21 13:36:51,062 - INFO - HTTP Request: POST https://api.sambanova.ai/v1/chat/completions "HTTP/1.1 200 OK"
2025-02-21 13:37:28,548 - INFO - Processing request from 7977587238
2025-02-21 13:37:39,750 - INFO - Processing request from 7977587238
2025-02-21 13:38:11,907 - INFO - Processing request from 7977587238
2025-02-21 13:38:27,626 - INFO - Processing request from 7977587238
2025-02-21 13:38:46,622 - INFO - Processing request from 7977587238
2025-02-21 13:42:06,407 - INFO - Use pytorch device_name: cpu
2025-02-21 13:42:06,493 - INFO - Load pretrained SentenceTransformer: all-mpnet-base-v2
2025-02-21 13:43:06,578 - INFO - Processing request from 7977587238
2025-02-21 13:43:07,148 - INFO - Processing request from 7977587238
2025-02-21 13:43:07,839 - INFO - Processing request from 7977587238
2025-02-21 13:44:26,508 - INFO - Use pytorch device_name: cpu
2025-02-21 13:44:26,508 - INFO - Load pretrained SentenceTransformer: all-mpnet-base-v2
2025-02-21 13:44:41,268 - INFO - Processing request from 7977587238
2025-02-21 14:08:45,432 - INFO - Use pytorch device_name: cpu
2025-02-21 14:08:45,433 - INFO - Load pretrained SentenceTransformer: all-mpnet-base-v2
2025-02-21 14:09:09,135 - INFO - Processing request from 7977587238
2025-02-21 14:09:27,247 - INFO - Processing request from 7977587238
2025-02-21 14:09:34,662 - INFO - Processing request from 7977587238
2025-02-21 14:09:34,665 - INFO - Adding background task for 7977587238
2025-02-21 14:10:17,584 - INFO - Processing request from 7977587238
2025-02-21 14:10:26,130 - INFO - Processing request from 7977587238
2025-02-21 14:10:35,408 - INFO - Processing request from 7977587238
2025-02-21 14:10:44,726 - INFO - Processing request from 7977587238
2025-02-21 14:10:52,336 - INFO - Processing request from 7977587238
2025-02-21 14:19:59,987 - INFO - Use pytorch device_name: cpu
2025-02-21 14:19:59,987 - INFO - Load pretrained SentenceTransformer: all-mpnet-base-v2
2025-02-21 14:21:29,990 - INFO - Use pytorch device_name: cpu
2025-02-21 14:21:29,990 - INFO - Load pretrained SentenceTransformer: all-mpnet-base-v2
2025-02-21 14:26:43,915 - INFO - Processing request from 7977587238
2025-02-21 14:26:58,785 - INFO - Processing request from 7977587238
2025-02-21 15:01:56,593 - INFO - Processing request from 9820011282
2025-02-21 15:02:08,284 - INFO - Processing request from 9820011282
2025-02-21 15:02:16,404 - INFO - Processing request from 9820011282
2025-02-21 15:02:16,417 - INFO - Adding background task for 9820011282
2025-02-21 15:03:18,781 - INFO - Processing request from 9820011282
2025-02-21 15:03:21,982 - INFO - HTTP Request: POST https://api.sambanova.ai/v1/chat/completions "HTTP/1.1 200 OK"
2025-02-21 15:04:17,103 - INFO - Processing request from 9820011282
2025-02-21 15:05:13,094 - INFO - Processing request from 9820011282
2025-02-21 15:05:21,035 - INFO - Processing request from 9820011282
2025-02-21 15:05:21,038 - INFO - Adding background task for 9820011282
2025-02-21 15:05:54,788 - INFO - Processing request from 9820011282
2025-02-21 15:06:03,628 - INFO - Processing request from 9820011282
2025-02-21 15:06:33,233 - INFO - Processing request from 9820011282
2025-02-21 15:06:41,308 - INFO - Processing request from 9820011282
2025-02-21 15:06:57,899 - INFO - Processing request from 9820011282
2025-02-24 10:35:10,291 - INFO - Use pytorch device_name: cpu
2025-02-24 10:35:10,396 - INFO - Load pretrained SentenceTransformer: all-mpnet-base-v2
2025-02-24 10:40:25,125 - INFO - Processing request from 7977587238
2025-02-24 10:40:31,508 - INFO - Processing request from 7977587238
2025-02-24 10:40:31,512 - INFO - Adding background task for 7977587238
2025-02-24 10:41:20,755 - INFO - Processing request from 7977587238
2025-02-24 10:41:59,067 - INFO - Processing request from 7977587238
2025-02-24 10:41:59,610 - INFO - Processing request from 7977587238
2025-02-24 10:42:00,355 - INFO - Processing request from 7977587238
2025-02-24 10:42:26,697 - INFO - Processing request from 7977587238
2025-02-24 10:42:27,246 - INFO - Processing request from 7977587238
2025-02-24 10:42:28,017 - INFO - Processing request from 7977587238
2025-02-24 10:42:59,176 - INFO - Processing request from 7977587238
2025-02-24 10:43:00,787 - INFO - Processing request from 7977587238
2025-02-24 10:43:01,532 - INFO - Processing request from 7977587238
2025-02-24 10:43:16,151 - INFO - Processing request from 7977587238
2025-02-24 10:43:21,539 - INFO - Processing request from 7977587238
2025-02-24 10:43:21,541 - INFO - Adding background task for 7977587238
2025-02-24 10:44:03,765 - INFO - Processing request from 7977587238
2025-02-24 10:44:05,008 - INFO - Processing request from 7977587238
2025-02-24 10:44:05,787 - INFO - Processing request from 7977587238
2025-02-24 10:44:56,913 - INFO - Use pytorch device_name: cpu
2025-02-24 10:44:56,913 - INFO - Load pretrained SentenceTransformer: all-mpnet-base-v2
2025-02-24 10:45:06,163 - INFO - Processing request from 7977587238
2025-02-24 10:45:12,112 - INFO - Processing request from 7977587238
2025-02-24 10:46:40,528 - INFO - Processing request from 7977587238
2025-02-24 10:46:41,762 - INFO - Processing request from 7977587238
2025-02-24 10:46:42,525 - INFO - Processing request from 7977587238
2025-02-24 10:47:26,364 - INFO - Processing request from 7977587238
2025-02-24 10:50:00,638 - INFO - Use pytorch device_name: cpu
2025-02-24 10:50:00,638 - INFO - Load pretrained SentenceTransformer: all-mpnet-base-v2
2025-02-24 10:50:49,388 - INFO - Processing request from 7977587238
2025-02-24 10:51:02,468 - INFO - Processing request from 7977587238
2025-02-24 10:51:11,866 - INFO - Processing request from 7977587238
2025-02-24 10:51:25,018 - INFO - Processing request from 7977587238
2025-02-24 10:51:34,785 - INFO - Processing request from 7977587238
2025-02-24 10:51:48,973 - INFO - Processing request from 7977587238
2025-02-24 10:51:55,453 - INFO - Processing request from 7977587238
2025-02-24 10:52:10,861 - INFO - Processing request from 7977587238
2025-02-24 10:52:18,556 - INFO - Processing request from 7977587238
2025-02-24 10:52:31,142 - INFO - Processing request from 7977587238
2025-02-24 10:52:44,369 - INFO - Processing request from 7977587238
2025-02-24 10:53:09,404 - INFO - Processing request from 7977587238
2025-02-24 10:53:26,998 - INFO - Processing request from 7977587238
2025-02-24 10:56:37,833 - INFO - Use pytorch device_name: cpu
2025-02-24 10:56:37,833 - INFO - Load pretrained SentenceTransformer: all-mpnet-base-v2
2025-02-24 10:57:01,716 - INFO - Processing request from 7977587238
2025-02-24 10:57:23,814 - INFO - Processing request from 7977587238
2025-02-24 10:58:23,989 - INFO - Processing request from 7977587238
2025-02-24 10:58:40,241 - INFO - Processing request from 7977587238
2025-02-24 11:02:07,751 - INFO - Processing request from 7977587238
2025-02-24 11:02:11,280 - INFO - HTTP Request: POST https://api.sambanova.ai/v1/chat/completions "HTTP/1.1 200 OK"
2025-02-24 11:02:41,130 - INFO - Processing request from 7977587238
2025-02-24 11:02:43,656 - INFO - HTTP Request: POST https://api.sambanova.ai/v1/chat/completions "HTTP/1.1 200 OK"
2025-02-24 11:03:04,014 - INFO - Processing request from 7977587238
2025-02-24 11:03:06,859 - INFO - HTTP Request: POST https://api.sambanova.ai/v1/chat/completions "HTTP/1.1 200 OK"
2025-02-24 11:03:21,364 - INFO - Processing request from 7977587238
2025-02-24 11:03:31,925 - INFO - Processing request from 7977587238
2025-02-24 12:53:14,779 - INFO - Processing request from 7977587238
2025-02-24 12:53:23,359 - INFO - Processing request from 7977587238
2025-02-24 12:53:41,701 - INFO - Processing request from 7977587238
2025-02-24 12:53:53,722 - INFO - Processing request from 7977587238
2025-02-24 12:54:15,287 - INFO - Processing request from 7977587238
2025-02-24 12:54:23,144 - INFO - Processing request from 7977587238
2025-02-24 12:54:41,493 - INFO - Processing request from 7977587238
2025-02-24 12:54:51,619 - INFO - Processing request from 7977587238
2025-02-24 14:17:00,813 - INFO - Use pytorch device_name: cpu
2025-02-24 14:17:00,813 - INFO - Load pretrained SentenceTransformer: all-mpnet-base-v2
2025-02-24 14:44:12,354 - INFO - Processing request from 7977587238
2025-02-24 14:44:21,318 - INFO - Processing request from 7977587238
2025-02-24 14:44:51,897 - INFO - Processing request from 7977587238
2025-02-24 14:44:59,424 - INFO - Processing request from 7977587238
2025-02-24 14:45:12,030 - INFO - Processing request from 7977587238
2025-02-24 14:45:20,397 - INFO - Processing request from 7977587238
2025-02-24 14:45:31,921 - INFO - Processing request from 7977587238
2025-02-24 17:54:08,072 - INFO - Use pytorch device_name: cpu
2025-02-24 17:54:08,072 - INFO - Load pretrained SentenceTransformer: all-mpnet-base-v2
2025-02-24 18:06:43,855 - INFO - Processing request from 7977587238
2025-02-24 18:10:41,880 - INFO - Processing request from 7977587238
2025-02-24 18:11:07,373 - INFO - Processing request from 7977587238
2025-02-24 18:11:10,986 - INFO - HTTP Request: POST https://api.sambanova.ai/v1/chat/completions "HTTP/1.1 200 OK"
2025-02-24 18:11:21,468 - INFO - Processing request from 7977587238
2025-02-24 18:11:24,192 - INFO - HTTP Request: POST https://api.sambanova.ai/v1/chat/completions "HTTP/1.1 200 OK"
2025-02-24 18:11:30,743 - INFO - Processing request from 7977587238
2025-02-24 18:11:33,315 - INFO - HTTP Request: POST https://api.sambanova.ai/v1/chat/completions "HTTP/1.1 200 OK"
2025-02-24 18:11:39,748 - INFO - Processing request from 7977587238
2025-02-24 18:11:47,298 - INFO - Processing request from 7977587238
2025-02-24 18:11:47,968 - INFO - Processing request from 7977587238
2025-02-24 18:11:48,677 - INFO - Processing request from 7977587238
2025-02-24 18:14:05,547 - INFO - Use pytorch device_name: cpu
2025-02-24 18:14:05,547 - INFO - Load pretrained SentenceTransformer: all-mpnet-base-v2
2025-02-24 18:14:15,259 - INFO - Processing request from 7977587238
2025-02-25 12:20:52,530 - INFO - Use pytorch device_name: cpu
2025-02-25 12:20:52,530 - INFO - Load pretrained SentenceTransformer: all-mpnet-base-v2
2025-02-25 12:22:26,210 - INFO - Processing request from 7977587238
2025-02-25 12:22:32,808 - INFO - Processing request from 7977587238
2025-02-25 12:23:13,243 - INFO - Processing request from 7977587238
2025-02-25 12:23:57,534 - INFO - Processing request from 7977587238
2025-02-25 12:24:45,157 - INFO - Processing request from 7977587238
2025-02-25 12:24:49,721 - INFO - HTTP Request: POST https://api.sambanova.ai/v1/chat/completions "HTTP/1.1 200 OK"
2025-02-25 12:25:21,563 - INFO - Processing request from 7977587238
2025-02-25 12:25:32,327 - INFO - Processing request from 7977587238
2025-02-25 12:25:46,206 - INFO - Processing request from 7977587238
2025-02-25 12:25:52,633 - INFO - Processing request from 7977587238
2025-02-25 12:26:04,328 - INFO - Processing request from 7977587238
2025-02-25 12:26:11,763 - INFO - Processing request from 7977587238
2025-02-25 12:26:23,051 - INFO - Processing request from 7977587238
2025-02-25 12:26:30,633 - INFO - Processing request from 7977587238
2025-02-25 12:26:31,316 - INFO - Processing request from 7977587238
2025-02-25 12:26:32,018 - INFO - Processing request from 7977587238
2025-02-25 12:28:49,483 - INFO - Use pytorch device_name: cpu
2025-02-25 12:28:49,484 - INFO - Load pretrained SentenceTransformer: all-mpnet-base-v2
2025-02-25 12:29:13,229 - INFO - Processing request from 7977587238
2025-02-25 12:31:03,840 - INFO - Use pytorch device_name: cpu
2025-02-25 12:31:03,840 - INFO - Load pretrained SentenceTransformer: all-mpnet-base-v2
2025-02-25 12:31:24,931 - INFO - Processing request from 7977587238
2025-02-25 12:37:17,384 - INFO - Use pytorch device_name: cpu
2025-02-25 12:37:17,384 - INFO - Load pretrained SentenceTransformer: all-mpnet-base-v2
2025-02-25 12:40:51,438 - INFO - Processing request from 7977587238
2025-02-25 12:41:00,440 - INFO - Processing request from 7977587238
2025-02-25 13:05:30,382 - INFO - Use pytorch device_name: cpu
2025-02-25 13:05:30,382 - INFO - Load pretrained SentenceTransformer: all-mpnet-base-v2
2025-02-25 13:05:44,154 - INFO - Processing request from 7977587238
2025-02-25 13:05:49,523 - INFO - Processing request from 7977587238
2025-02-25 13:05:59,000 - INFO - Processing request from 7977587238
2025-02-25 13:06:06,563 - INFO - Processing request from 7977587238
2025-02-25 13:06:34,240 - INFO - Processing request from 7977587238
2025-02-25 13:06:39,200 - INFO - Processing request from 7977587238
2025-02-25 13:06:49,027 - INFO - Processing request from 7977587238
2025-02-25 13:06:55,648 - INFO - Processing request from 7977587238
2025-02-25 13:09:35,986 - INFO - Processing request from 7977587238
2025-02-25 13:10:00,250 - INFO - Processing request from 7977587238
2025-02-25 13:10:01,868 - INFO - Processing request from 7977587238
2025-02-25 13:19:33,257 - INFO - Use pytorch device_name: cpu
2025-02-25 13:19:33,257 - INFO - Load pretrained SentenceTransformer: all-mpnet-base-v2
2025-02-25 13:20:19,539 - INFO - Processing request from 7977587238
2025-02-25 13:20:25,987 - INFO - Processing request from 7977587238
2025-02-25 13:20:37,062 - INFO - Processing request from 7977587238
2025-02-25 13:20:42,666 - INFO - Processing request from 7977587238
2025-02-25 13:20:47,605 - INFO - Processing request from 7977587238
2025-02-25 13:20:53,062 - INFO - Processing request from 7977587238
2025-02-25 13:20:58,635 - INFO - Processing request from 7977587238
2025-02-25 13:21:08,721 - INFO - Processing request from 7977587238
2025-02-25 13:24:25,622 - INFO - Use pytorch device_name: cpu
2025-02-25 13:24:25,622 - INFO - Load pretrained SentenceTransformer: all-mpnet-base-v2
2025-02-25 13:24:49,443 - INFO - Processing request from 7977587238
2025-02-25 13:29:22,073 - INFO - Use pytorch device_name: cpu
2025-02-25 13:29:22,074 - INFO - Load pretrained SentenceTransformer: all-mpnet-base-v2
2025-02-25 13:29:50,061 - INFO - Processing request from 7977587238
2025-02-25 13:30:05,571 - INFO - Processing request from 7977587238
2025-02-25 13:30:15,027 - INFO - Processing request from 7977587238
2025-02-25 13:30:21,918 - INFO - Processing request from 7977587238
2025-02-25 13:30:31,964 - INFO - Processing request from 7977587238
2025-02-25 13:30:38,135 - INFO - Processing request from 7977587238
2025-02-25 13:30:44,546 - INFO - Processing request from 7977587238
2025-02-25 13:39:58,745 - INFO - Use pytorch device_name: cpu
2025-02-25 13:39:58,745 - INFO - Load pretrained SentenceTransformer: all-mpnet-base-v2
2025-02-25 13:40:10,672 - INFO - Processing request from 7977587238
2025-02-25 13:40:17,101 - INFO - Processing request from 7977587238
2025-02-25 13:40:36,566 - INFO - Processing request from 7977587238
2025-02-25 13:40:39,995 - INFO - HTTP Request: POST https://api.sambanova.ai/v1/chat/completions "HTTP/1.1 200 OK"
2025-02-25 13:40:50,836 - INFO - Processing request from 7977587238
2025-02-25 13:40:53,132 - INFO - HTTP Request: POST https://api.sambanova.ai/v1/chat/completions "HTTP/1.1 200 OK"
2025-02-25 13:40:59,717 - INFO - Processing request from 7977587238
2025-02-25 13:41:02,197 - INFO - HTTP Request: POST https://api.sambanova.ai/v1/chat/completions "HTTP/1.1 200 OK"
2025-02-25 13:41:13,663 - INFO - Processing request from 7977587238
2025-02-25 13:41:21,163 - INFO - Processing request from 7977587238
2025-02-25 14:17:41,556 - INFO - Use pytorch device_name: cpu
2025-02-25 14:17:41,571 - INFO - Load pretrained SentenceTransformer: all-mpnet-base-v2
2025-02-25 15:00:29,232 - INFO - Use pytorch device_name: cpu
2025-02-25 15:00:29,248 - INFO - Load pretrained SentenceTransformer: all-mpnet-base-v2
2025-02-25 17:17:19,807 - INFO - Processing request from 9168448985
2025-02-25 17:20:40,928 - INFO - Processing request from 9168448985
2025-02-25 17:22:34,369 - INFO - Processing request from 7977587238
2025-02-25 17:23:24,232 - INFO - Processing request from 7977587238
2025-02-25 17:23:42,619 - INFO - Processing request from 7977587238
2025-02-25 17:23:45,942 - INFO - HTTP Request: POST https://api.sambanova.ai/v1/chat/completions "HTTP/1.1 200 OK"
2025-02-25 17:23:54,472 - INFO - Processing request from 7977587238
2025-02-25 17:23:56,903 - INFO - HTTP Request: POST https://api.sambanova.ai/v1/chat/completions "HTTP/1.1 200 OK"
2025-02-25 17:24:03,151 - INFO - Processing request from 7977587238
2025-02-25 17:24:05,570 - INFO - HTTP Request: POST https://api.sambanova.ai/v1/chat/completions "HTTP/1.1 200 OK"
2025-02-25 17:24:15,256 - INFO - Processing request from 7977587238
2025-02-25 17:24:22,048 - INFO - Processing request from 7977587238
2025-02-25 17:25:55,066 - INFO - Use pytorch device_name: cpu
2025-02-25 17:25:55,066 - INFO - Load pretrained SentenceTransformer: all-mpnet-base-v2
2025-02-25 17:27:02,289 - INFO - Processing request from 9168448985
2025-02-25 18:49:04,056 - INFO - Use pytorch device_name: cpu
2025-02-25 18:49:04,056 - INFO - Load pretrained SentenceTransformer: all-mpnet-base-v2
2025-02-26 11:37:08,079 - INFO - Use pytorch device_name: cpu
2025-02-26 11:37:08,110 - INFO - Load pretrained SentenceTransformer: all-mpnet-base-v2
2025-02-26 11:39:39,231 - INFO - Processing request from 9820011282
2025-02-26 11:39:47,011 - INFO - Processing request from 9820011282
2025-02-26 11:40:08,669 - INFO - Processing request from 9820011282
2025-02-26 11:40:46,707 - INFO - HTTP Request: POST https://api.sambanova.ai/v1/chat/completions "HTTP/1.1 200 OK"
2025-02-26 11:41:07,061 - INFO - Processing request from 8779039650
2025-02-26 12:14:46,573 - INFO - Processing request from 7977587238
2025-02-26 12:15:03,943 - INFO - Processing request from 7977587238
2025-02-26 12:15:43,092 - INFO - Processing request from 7977587238
2025-02-26 12:15:46,484 - INFO - HTTP Request: POST https://api.sambanova.ai/v1/chat/completions "HTTP/1.1 200 OK"
2025-02-26 12:16:00,201 - INFO - Processing request from 7977587238
2025-02-26 12:16:02,685 - INFO - HTTP Request: POST https://api.sambanova.ai/v1/chat/completions "HTTP/1.1 200 OK"
2025-02-26 12:16:06,486 - INFO - Processing request from 9820011282
2025-02-26 12:16:09,317 - INFO - HTTP Request: POST https://api.sambanova.ai/v1/chat/completions "HTTP/1.1 200 OK"
2025-02-26 12:16:44,633 - INFO - Processing request from 9820011282
2025-02-26 12:16:46,998 - INFO - HTTP Request: POST https://api.sambanova.ai/v1/chat/completions "HTTP/1.1 200 OK"
2025-02-26 12:17:03,635 - INFO - Processing request from 9820011282
2025-02-26 12:17:06,083 - INFO - HTTP Request: POST https://api.sambanova.ai/v1/chat/completions "HTTP/1.1 200 OK"
2025-02-26 12:17:26,735 - INFO - Processing request from 9820011282
2025-02-26 12:17:43,191 - INFO - Processing request from 9820011282
2025-02-26 12:18:45,624 - INFO - Processing request from 7977587238
2025-02-26 12:18:48,819 - INFO - HTTP Request: POST https://api.sambanova.ai/v1/chat/completions "HTTP/1.1 200 OK"
2025-02-26 12:18:56,684 - INFO - Processing request from 7977587238
2025-02-26 12:19:02,774 - INFO - Processing request from 7977587238
2025-02-26 15:33:52,755 - INFO - Processing request from 8779039650
2025-02-26 15:47:20,488 - INFO - Processing request from 9987906501
2025-02-27 12:22:36,186 - INFO - Use pytorch device_name: cpu
2025-02-27 12:22:36,186 - INFO - Load pretrained SentenceTransformer: all-mpnet-base-v2
2025-02-27 12:23:12,270 - INFO - Processing request from 8291314581
2025-02-27 12:25:55,228 - INFO - Processing request from 8779039650
2025-02-27 12:40:18,939 - INFO - Processing request from 9820011282
2025-02-27 12:40:33,433 - INFO - Processing request from 9820011282
2025-02-27 12:40:40,406 - INFO - Processing request from 9820011282
2025-02-27 12:40:59,331 - INFO - Processing request from 9820011282
2025-02-27 12:41:36,927 - INFO - HTTP Request: POST https://api.sambanova.ai/v1/chat/completions "HTTP/1.1 200 OK"
2025-02-27 12:42:53,702 - INFO - Processing request from 7977587238
2025-02-27 12:42:59,507 - INFO - Processing request from 7977587238
2025-02-27 12:43:11,110 - INFO - Processing request from 7977587238
2025-02-27 12:43:14,266 - INFO - HTTP Request: POST https://api.sambanova.ai/v1/chat/completions "HTTP/1.1 200 OK"
